<?xml version="1.0" encoding="UTF-8"?>
<!-- Generated by org.testng.reporters.JUnitXMLReporter -->
<testsuite hostname="Bens-MacBook-Pro.local" ignored="0" name="Free CRM App Test Cases" tests="12" failures="0" timestamp="14 Aug 2019 00:40:53 GMT" time="95.024" errors="0">
  <testcase name="loginPageTitleTest" time="0.027" classname="com.crm.qa.testcases.LoginPageTest"/>
  <testcase name="verifyHomePageTitleTest" time="0.008" classname="com.crm.qa.testcases.HomePageTest"/>
  <testcase name="verifyContactsPageLabel" time="0.087" classname="com.crm.qa.testcases.ConactsPageTest"/>
  <testcase name="crmLogoImageTest" time="0.045" classname="com.crm.qa.testcases.LoginPageTest"/>
  <testcase name="verifyUserNameTest" time="0.066" classname="com.crm.qa.testcases.HomePageTest"/>
  <testcase name="selectSingleContactsTest" time="0.075" classname="com.crm.qa.testcases.ConactsPageTest"/>
  <testcase name="loginTest" time="2.741" classname="com.crm.qa.testcases.LoginPageTest"/>
  <testcase name="verifyContactsLinkTest" time="0.788" classname="com.crm.qa.testcases.HomePageTest"/>
  <testcase name="selectMultipleContactsTest" time="0.224" classname="com.crm.qa.testcases.ConactsPageTest"/>
  <testcase name="validateCreateNewContact" time="2.475" classname="com.crm.qa.testcases.ConactsPageTest"/>
  <testcase name="validateCreateNewContact" time="2.518" classname="com.crm.qa.testcases.ConactsPageTest"/>
  <testcase name="validateCreateNewContact" time="2.519" classname="com.crm.qa.testcases.ConactsPageTest"/>
</testsuite> <!-- Free CRM App Test Cases -->
