<?xml version="1.0" encoding="UTF-8"?>
<!-- Generated by org.testng.reporters.JUnitXMLReporter -->
<testsuite hostname="Bens-MacBook-Pro.local" ignored="0" name="Command line test" tests="3" failures="0" timestamp="14 Aug 2019 09:16:01 GMT" time="20.672" errors="0">
  <testcase name="verifyContactsPageLabel" time="0.057" classname="com.crm.qa.testcases.ConactsPageTest"/>
  <testcase name="verifyHomePageTitleTest" time="0.035" classname="com.crm.qa.testcases.HomePageTest"/>
  <testcase name="loginPageTitleTest" time="0.005" classname="com.crm.qa.testcases.LoginPageTest"/>
</testsuite> <!-- Command line test -->
