<?xml version="1.0" encoding="UTF-8"?>
<testng-results skipped="0" failed="0" ignored="0" total="12" passed="12">
  <reporter-output>
  </reporter-output>
  <suite name="Free CRM Application Test Automation Test Suite" duration-ms="95024" started-at="2019-08-14T00:39:18Z" finished-at="2019-08-14T00:40:53Z">
    <groups>
    </groups>
    <test name="Free CRM App Test Cases" duration-ms="95024" started-at="2019-08-14T00:39:18Z" finished-at="2019-08-14T00:40:53Z">
      <class name="com.crm.qa.testcases.ConactsPageTest">
        <test-method status="PASS" signature="setup()[pri:0, instance:com.crm.qa.testcases.ConactsPageTest@754ba872]" name="setup" is-config="true" duration-ms="7521" started-at="2019-08-14T00:39:31Z" finished-at="2019-08-14T00:39:39Z">
          <reporter-output>
          </reporter-output>
        </test-method> <!-- setup -->
        <test-method status="PASS" signature="verifyContactsPageLabel()[pri:1, instance:com.crm.qa.testcases.ConactsPageTest@754ba872]" name="verifyContactsPageLabel" duration-ms="87" started-at="2019-08-14T00:39:39Z" finished-at="2019-08-14T00:39:39Z">
          <reporter-output>
          </reporter-output>
        </test-method> <!-- verifyContactsPageLabel -->
        <test-method status="PASS" signature="tearDown()[pri:0, instance:com.crm.qa.testcases.ConactsPageTest@754ba872]" name="tearDown" is-config="true" duration-ms="181" started-at="2019-08-14T00:39:39Z" finished-at="2019-08-14T00:39:39Z">
          <reporter-output>
          </reporter-output>
        </test-method> <!-- tearDown -->
        <test-method status="PASS" signature="setup()[pri:0, instance:com.crm.qa.testcases.ConactsPageTest@754ba872]" name="setup" is-config="true" duration-ms="7629" started-at="2019-08-14T00:39:51Z" finished-at="2019-08-14T00:39:58Z">
          <reporter-output>
          </reporter-output>
        </test-method> <!-- setup -->
        <test-method status="PASS" signature="selectSingleContactsTest()[pri:2, instance:com.crm.qa.testcases.ConactsPageTest@754ba872]" name="selectSingleContactsTest" duration-ms="75" started-at="2019-08-14T00:39:58Z" finished-at="2019-08-14T00:39:58Z">
          <reporter-output>
          </reporter-output>
        </test-method> <!-- selectSingleContactsTest -->
        <test-method status="PASS" signature="tearDown()[pri:0, instance:com.crm.qa.testcases.ConactsPageTest@754ba872]" name="tearDown" is-config="true" duration-ms="172" started-at="2019-08-14T00:39:58Z" finished-at="2019-08-14T00:39:58Z">
          <reporter-output>
          </reporter-output>
        </test-method> <!-- tearDown -->
        <test-method status="PASS" signature="setup()[pri:0, instance:com.crm.qa.testcases.ConactsPageTest@754ba872]" name="setup" is-config="true" duration-ms="7645" started-at="2019-08-14T00:40:13Z" finished-at="2019-08-14T00:40:21Z">
          <reporter-output>
          </reporter-output>
        </test-method> <!-- setup -->
        <test-method status="PASS" signature="selectMultipleContactsTest()[pri:3, instance:com.crm.qa.testcases.ConactsPageTest@754ba872]" name="selectMultipleContactsTest" duration-ms="224" started-at="2019-08-14T00:40:21Z" finished-at="2019-08-14T00:40:21Z">
          <reporter-output>
          </reporter-output>
        </test-method> <!-- selectMultipleContactsTest -->
        <test-method status="PASS" signature="tearDown()[pri:0, instance:com.crm.qa.testcases.ConactsPageTest@754ba872]" name="tearDown" is-config="true" duration-ms="162" started-at="2019-08-14T00:40:21Z" finished-at="2019-08-14T00:40:21Z">
          <reporter-output>
          </reporter-output>
        </test-method> <!-- tearDown -->
        <test-method status="PASS" signature="setup()[pri:0, instance:com.crm.qa.testcases.ConactsPageTest@754ba872]" name="setup" is-config="true" duration-ms="7423" started-at="2019-08-14T00:40:22Z" finished-at="2019-08-14T00:40:30Z">
          <reporter-output>
          </reporter-output>
        </test-method> <!-- setup -->
        <test-method status="PASS" signature="validateCreateNewContact(java.lang.String, java.lang.String, java.lang.String, java.lang.String)[pri:4, instance:com.crm.qa.testcases.ConactsPageTest@754ba872]" name="validateCreateNewContact" duration-ms="2475" started-at="2019-08-14T00:40:30Z" data-provider="getCRMTestData" finished-at="2019-08-14T00:40:32Z">
          <params>
            <param index="0">
              <value>
                <![CDATA[Mr.]]>
              </value>
            </param>
            <param index="1">
              <value>
                <![CDATA[Tom1]]>
              </value>
            </param>
            <param index="2">
              <value>
                <![CDATA[Peter1]]>
              </value>
            </param>
            <param index="3">
              <value>
                <![CDATA[Google1]]>
              </value>
            </param>
          </params>
          <reporter-output>
          </reporter-output>
        </test-method> <!-- validateCreateNewContact -->
        <test-method status="PASS" signature="tearDown()[pri:0, instance:com.crm.qa.testcases.ConactsPageTest@754ba872]" name="tearDown" is-config="true" duration-ms="156" started-at="2019-08-14T00:40:32Z" finished-at="2019-08-14T00:40:32Z">
          <reporter-output>
          </reporter-output>
        </test-method> <!-- tearDown -->
        <test-method status="PASS" signature="setup()[pri:0, instance:com.crm.qa.testcases.ConactsPageTest@754ba872]" name="setup" is-config="true" duration-ms="7787" started-at="2019-08-14T00:40:32Z" finished-at="2019-08-14T00:40:40Z">
          <reporter-output>
          </reporter-output>
        </test-method> <!-- setup -->
        <test-method status="PASS" signature="validateCreateNewContact(java.lang.String, java.lang.String, java.lang.String, java.lang.String)[pri:4, instance:com.crm.qa.testcases.ConactsPageTest@754ba872]" name="validateCreateNewContact" duration-ms="2518" started-at="2019-08-14T00:40:40Z" data-provider="getCRMTestData" finished-at="2019-08-14T00:40:42Z">
          <params>
            <param index="0">
              <value>
                <![CDATA[Dr.]]>
              </value>
            </param>
            <param index="1">
              <value>
                <![CDATA[David]]>
              </value>
            </param>
            <param index="2">
              <value>
                <![CDATA[Cris]]>
              </value>
            </param>
            <param index="3">
              <value>
                <![CDATA[Amazon]]>
              </value>
            </param>
          </params>
          <reporter-output>
          </reporter-output>
        </test-method> <!-- validateCreateNewContact -->
        <test-method status="PASS" signature="tearDown()[pri:0, instance:com.crm.qa.testcases.ConactsPageTest@754ba872]" name="tearDown" is-config="true" duration-ms="124" started-at="2019-08-14T00:40:42Z" finished-at="2019-08-14T00:40:43Z">
          <reporter-output>
          </reporter-output>
        </test-method> <!-- tearDown -->
        <test-method status="PASS" signature="setup()[pri:0, instance:com.crm.qa.testcases.ConactsPageTest@754ba872]" name="setup" is-config="true" duration-ms="7574" started-at="2019-08-14T00:40:43Z" finished-at="2019-08-14T00:40:50Z">
          <reporter-output>
          </reporter-output>
        </test-method> <!-- setup -->
        <test-method status="PASS" signature="validateCreateNewContact(java.lang.String, java.lang.String, java.lang.String, java.lang.String)[pri:4, instance:com.crm.qa.testcases.ConactsPageTest@754ba872]" name="validateCreateNewContact" duration-ms="2519" started-at="2019-08-14T00:40:50Z" data-provider="getCRMTestData" finished-at="2019-08-14T00:40:53Z">
          <params>
            <param index="0">
              <value>
                <![CDATA[Mrs.]]>
              </value>
            </param>
            <param index="1">
              <value>
                <![CDATA[Mukta]]>
              </value>
            </param>
            <param index="2">
              <value>
                <![CDATA[Sharma]]>
              </value>
            </param>
            <param index="3">
              <value>
                <![CDATA[Ebay]]>
              </value>
            </param>
          </params>
          <reporter-output>
          </reporter-output>
        </test-method> <!-- validateCreateNewContact -->
        <test-method status="PASS" signature="tearDown()[pri:0, instance:com.crm.qa.testcases.ConactsPageTest@754ba872]" name="tearDown" is-config="true" duration-ms="123" started-at="2019-08-14T00:40:53Z" finished-at="2019-08-14T00:40:53Z">
          <reporter-output>
          </reporter-output>
        </test-method> <!-- tearDown -->
      </class> <!-- com.crm.qa.testcases.ConactsPageTest -->
      <class name="com.crm.qa.testcases.HomePageTest">
        <test-method status="PASS" signature="setUp()[pri:0, instance:com.crm.qa.testcases.HomePageTest@e25b2fe]" name="setUp" is-config="true" duration-ms="7957" started-at="2019-08-14T00:39:23Z" finished-at="2019-08-14T00:39:31Z">
          <reporter-output>
          </reporter-output>
        </test-method> <!-- setUp -->
        <test-method status="PASS" signature="verifyHomePageTitleTest()[pri:1, instance:com.crm.qa.testcases.HomePageTest@e25b2fe]" name="verifyHomePageTitleTest" duration-ms="8" started-at="2019-08-14T00:39:31Z" finished-at="2019-08-14T00:39:31Z">
          <reporter-output>
          </reporter-output>
        </test-method> <!-- verifyHomePageTitleTest -->
        <test-method status="PASS" signature="tearDown()[pri:0, instance:com.crm.qa.testcases.HomePageTest@e25b2fe]" name="tearDown" is-config="true" duration-ms="129" started-at="2019-08-14T00:39:31Z" finished-at="2019-08-14T00:39:31Z">
          <reporter-output>
          </reporter-output>
        </test-method> <!-- tearDown -->
        <test-method status="PASS" signature="setUp()[pri:0, instance:com.crm.qa.testcases.HomePageTest@e25b2fe]" name="setUp" is-config="true" duration-ms="6704" started-at="2019-08-14T00:39:44Z" finished-at="2019-08-14T00:39:50Z">
          <reporter-output>
          </reporter-output>
        </test-method> <!-- setUp -->
        <test-method status="PASS" signature="verifyUserNameTest()[pri:2, instance:com.crm.qa.testcases.HomePageTest@e25b2fe]" name="verifyUserNameTest" duration-ms="66" started-at="2019-08-14T00:39:50Z" finished-at="2019-08-14T00:39:50Z">
          <reporter-output>
          </reporter-output>
        </test-method> <!-- verifyUserNameTest -->
        <test-method status="PASS" signature="tearDown()[pri:0, instance:com.crm.qa.testcases.HomePageTest@e25b2fe]" name="tearDown" is-config="true" duration-ms="197" started-at="2019-08-14T00:39:50Z" finished-at="2019-08-14T00:39:51Z">
          <reporter-output>
          </reporter-output>
        </test-method> <!-- tearDown -->
        <test-method status="PASS" signature="setUp()[pri:0, instance:com.crm.qa.testcases.HomePageTest@e25b2fe]" name="setUp" is-config="true" duration-ms="6714" started-at="2019-08-14T00:40:06Z" finished-at="2019-08-14T00:40:12Z">
          <reporter-output>
          </reporter-output>
        </test-method> <!-- setUp -->
        <test-method status="PASS" signature="verifyContactsLinkTest()[pri:3, instance:com.crm.qa.testcases.HomePageTest@e25b2fe]" name="verifyContactsLinkTest" duration-ms="788" started-at="2019-08-14T00:40:12Z" finished-at="2019-08-14T00:40:13Z">
          <reporter-output>
          </reporter-output>
        </test-method> <!-- verifyContactsLinkTest -->
        <test-method status="PASS" signature="tearDown()[pri:0, instance:com.crm.qa.testcases.HomePageTest@e25b2fe]" name="tearDown" is-config="true" duration-ms="136" started-at="2019-08-14T00:40:13Z" finished-at="2019-08-14T00:40:13Z">
          <reporter-output>
          </reporter-output>
        </test-method> <!-- tearDown -->
      </class> <!-- com.crm.qa.testcases.HomePageTest -->
      <class name="com.crm.qa.testcases.LoginPageTest">
        <test-method status="PASS" signature="setUp()[pri:0, instance:com.crm.qa.testcases.LoginPageTest@204f30ec]" name="setUp" is-config="true" duration-ms="5188" started-at="2019-08-14T00:39:18Z" finished-at="2019-08-14T00:39:23Z">
          <reporter-output>
          </reporter-output>
        </test-method> <!-- setUp -->
        <test-method status="PASS" signature="loginPageTitleTest()[pri:1, instance:com.crm.qa.testcases.LoginPageTest@204f30ec]" name="loginPageTitleTest" duration-ms="27" started-at="2019-08-14T00:39:23Z" finished-at="2019-08-14T00:39:23Z">
          <reporter-output>
          </reporter-output>
        </test-method> <!-- loginPageTitleTest -->
        <test-method status="PASS" signature="tearDown()[pri:0, instance:com.crm.qa.testcases.LoginPageTest@204f30ec]" name="tearDown" is-config="true" duration-ms="217" started-at="2019-08-14T00:39:23Z" finished-at="2019-08-14T00:39:23Z">
          <reporter-output>
          </reporter-output>
        </test-method> <!-- tearDown -->
        <test-method status="PASS" signature="setUp()[pri:0, instance:com.crm.qa.testcases.LoginPageTest@204f30ec]" name="setUp" is-config="true" duration-ms="4273" started-at="2019-08-14T00:39:39Z" finished-at="2019-08-14T00:39:43Z">
          <reporter-output>
          </reporter-output>
        </test-method> <!-- setUp -->
        <test-method status="PASS" signature="crmLogoImageTest()[pri:2, instance:com.crm.qa.testcases.LoginPageTest@204f30ec]" name="crmLogoImageTest" duration-ms="45" started-at="2019-08-14T00:39:43Z" finished-at="2019-08-14T00:39:43Z">
          <reporter-output>
          </reporter-output>
        </test-method> <!-- crmLogoImageTest -->
        <test-method status="PASS" signature="tearDown()[pri:0, instance:com.crm.qa.testcases.LoginPageTest@204f30ec]" name="tearDown" is-config="true" duration-ms="135" started-at="2019-08-14T00:39:43Z" finished-at="2019-08-14T00:39:44Z">
          <reporter-output>
          </reporter-output>
        </test-method> <!-- tearDown -->
        <test-method status="PASS" signature="setUp()[pri:0, instance:com.crm.qa.testcases.LoginPageTest@204f30ec]" name="setUp" is-config="true" duration-ms="4440" started-at="2019-08-14T00:39:58Z" finished-at="2019-08-14T00:40:03Z">
          <reporter-output>
          </reporter-output>
        </test-method> <!-- setUp -->
        <test-method status="PASS" signature="loginTest()[pri:3, instance:com.crm.qa.testcases.LoginPageTest@204f30ec]" name="loginTest" duration-ms="2741" started-at="2019-08-14T00:40:03Z" finished-at="2019-08-14T00:40:06Z">
          <reporter-output>
          </reporter-output>
        </test-method> <!-- loginTest -->
        <test-method status="PASS" signature="tearDown()[pri:0, instance:com.crm.qa.testcases.LoginPageTest@204f30ec]" name="tearDown" is-config="true" duration-ms="134" started-at="2019-08-14T00:40:06Z" finished-at="2019-08-14T00:40:06Z">
          <reporter-output>
          </reporter-output>
        </test-method> <!-- tearDown -->
      </class> <!-- com.crm.qa.testcases.LoginPageTest -->
    </test> <!-- Free CRM App Test Cases -->
  </suite> <!-- Free CRM Application Test Automation Test Suite -->
</testng-results>
